[17-Dec-2025 15:41:01 Europe/Moscow] Failed to send Telegram message to 6897915758
[17-Dec-2025 16:14:54 Europe/Moscow] Using file storage: SQLSTATE[HY000] [1045] Access denied for user 'root'@'localhost' (using password: NO)
[17-Dec-2025 16:14:54 Europe/Moscow] Using file storage: SQLSTATE[HY000] [1045] Access denied for user 'root'@'localhost' (using password: NO)
[17-Dec-2025 16:14:57 Europe/Moscow] Using file storage: SQLSTATE[HY000] [1045] Access denied for user 'root'@'localhost' (using password: NO)
[17-Dec-2025 16:14:57 Europe/Moscow] Using file storage: SQLSTATE[HY000] [1045] Access denied for user 'root'@'localhost' (using password: NO)
[17-Dec-2025 16:14:59 Europe/Moscow] Using file storage: SQLSTATE[HY000] [1045] Access denied for user 'root'@'localhost' (using password: NO)
[17-Dec-2025 16:14:59 Europe/Moscow] Using file storage: SQLSTATE[HY000] [1045] Access denied for user 'root'@'localhost' (using password: NO)
[17-Dec-2025 16:15:02 Europe/Moscow] Using file storage: SQLSTATE[HY000] [1045] Access denied for user 'root'@'localhost' (using password: NO)
[17-Dec-2025 16:15:02 Europe/Moscow] Using file storage: SQLSTATE[HY000] [1045] Access denied for user 'root'@'localhost' (using password: NO)
[17-Dec-2025 16:15:04 Europe/Moscow] Using file storage: SQLSTATE[HY000] [1045] Access denied for user 'root'@'localhost' (using password: NO)
[17-Dec-2025 16:15:04 Europe/Moscow] Using file storage: SQLSTATE[HY000] [1045] Access denied for user 'root'@'localhost' (using password: NO)
[17-Dec-2025 16:15:07 Europe/Moscow] Using file storage: SQLSTATE[HY000] [1045] Access denied for user 'root'@'localhost' (using password: NO)
[17-Dec-2025 16:15:07 Europe/Moscow] Using file storage: SQLSTATE[HY000] [1045] Access denied for user 'root'@'localhost' (using password: NO)
[17-Dec-2025 16:15:09 Europe/Moscow] Using file storage: SQLSTATE[HY000] [1045] Access denied for user 'root'@'localhost' (using password: NO)
[17-Dec-2025 16:15:09 Europe/Moscow] Using file storage: SQLSTATE[HY000] [1045] Access denied for user 'root'@'localhost' (using password: NO)
[17-Dec-2025 16:15:17 Europe/Moscow] Using file storage: SQLSTATE[HY000] [1045] Access denied for user 'root'@'localhost' (using password: NO)
[17-Dec-2025 16:15:17 Europe/Moscow] Using file storage: SQLSTATE[HY000] [1045] Access denied for user 'root'@'localhost' (using password: NO)
[17-Dec-2025 16:15:20 Europe/Moscow] Using file storage: SQLSTATE[HY000] [1045] Access denied for user 'root'@'localhost' (using password: NO)
[17-Dec-2025 16:15:20 Europe/Moscow] Using file storage: SQLSTATE[HY000] [1045] Access denied for user 'root'@'localhost' (using password: NO)
[17-Dec-2025 16:15:22 Europe/Moscow] Using file storage: SQLSTATE[HY000] [1045] Access denied for user 'root'@'localhost' (using password: NO)
[17-Dec-2025 16:15:22 Europe/Moscow] Using file storage: SQLSTATE[HY000] [1045] Access denied for user 'root'@'localhost' (using password: NO)
[17-Dec-2025 16:15:24 Europe/Moscow] Using file storage: SQLSTATE[HY000] [1045] Access denied for user 'root'@'localhost' (using password: NO)
[17-Dec-2025 16:15:24 Europe/Moscow] Using file storage: SQLSTATE[HY000] [1045] Access denied for user 'root'@'localhost' (using password: NO)
[17-Dec-2025 16:15:27 Europe/Moscow] Using file storage: SQLSTATE[HY000] [1045] Access denied for user 'root'@'localhost' (using password: NO)
[17-Dec-2025 16:15:27 Europe/Moscow] Using file storage: SQLSTATE[HY000] [1045] Access denied for user 'root'@'localhost' (using password: NO)
[17-Dec-2025 16:15:29 Europe/Moscow] Using file storage: SQLSTATE[HY000] [1045] Access denied for user 'root'@'localhost' (using password: NO)
[17-Dec-2025 16:15:29 Europe/Moscow] Using file storage: SQLSTATE[HY000] [1045] Access denied for user 'root'@'localhost' (using password: NO)
[17-Dec-2025 16:15:33 Europe/Moscow] Using file storage: SQLSTATE[HY000] [1045] Access denied for user 'root'@'localhost' (using password: NO)
[17-Dec-2025 16:15:33 Europe/Moscow] Using file storage: SQLSTATE[HY000] [1045] Access denied for user 'root'@'localhost' (using password: NO)
[17-Dec-2025 16:15:36 Europe/Moscow] Using file storage: SQLSTATE[HY000] [1045] Access denied for user 'root'@'localhost' (using password: NO)
[17-Dec-2025 16:15:36 Europe/Moscow] Using file storage: SQLSTATE[HY000] [1045] Access denied for user 'root'@'localhost' (using password: NO)
[17-Dec-2025 16:15:38 Europe/Moscow] Using file storage: SQLSTATE[HY000] [1045] Access denied for user 'root'@'localhost' (using password: NO)
[17-Dec-2025 16:15:38 Europe/Moscow] Using file storage: SQLSTATE[HY000] [1045] Access denied for user 'root'@'localhost' (using password: NO)
[17-Dec-2025 16:15:40 Europe/Moscow] Using file storage: SQLSTATE[HY000] [1045] Access denied for user 'root'@'localhost' (using password: NO)
[17-Dec-2025 16:15:40 Europe/Moscow] Using file storage: SQLSTATE[HY000] [1045] Access denied for user 'root'@'localhost' (using password: NO)
[17-Dec-2025 16:15:44 Europe/Moscow] Using file storage: SQLSTATE[HY000] [1045] Access denied for user 'root'@'localhost' (using password: NO)
[17-Dec-2025 16:15:44 Europe/Moscow] Using file storage: SQLSTATE[HY000] [1045] Access denied for user 'root'@'localhost' (using password: NO)
[17-Dec-2025 16:15:46 Europe/Moscow] Using file storage: SQLSTATE[HY000] [1045] Access denied for user 'root'@'localhost' (using password: NO)
[17-Dec-2025 16:15:46 Europe/Moscow] Using file storage: SQLSTATE[HY000] [1045] Access denied for user 'root'@'localhost' (using password: NO)
[17-Dec-2025 16:15:49 Europe/Moscow] Using file storage: SQLSTATE[HY000] [1045] Access denied for user 'root'@'localhost' (using password: NO)
[17-Dec-2025 16:15:49 Europe/Moscow] Using file storage: SQLSTATE[HY000] [1045] Access denied for user 'root'@'localhost' (using password: NO)
[17-Dec-2025 16:15:52 Europe/Moscow] Using file storage: SQLSTATE[HY000] [1045] Access denied for user 'root'@'localhost' (using password: NO)
[17-Dec-2025 16:15:52 Europe/Moscow] Using file storage: SQLSTATE[HY000] [1045] Access denied for user 'root'@'localhost' (using password: NO)
[17-Dec-2025 16:15:54 Europe/Moscow] Using file storage: SQLSTATE[HY000] [1045] Access denied for user 'root'@'localhost' (using password: NO)
[17-Dec-2025 16:15:54 Europe/Moscow] Using file storage: SQLSTATE[HY000] [1045] Access denied for user 'root'@'localhost' (using password: NO)
[17-Dec-2025 16:15:56 Europe/Moscow] Using file storage: SQLSTATE[HY000] [1045] Access denied for user 'root'@'localhost' (using password: NO)
[17-Dec-2025 16:15:56 Europe/Moscow] Using file storage: SQLSTATE[HY000] [1045] Access denied for user 'root'@'localhost' (using password: NO)
[17-Dec-2025 16:16:00 Europe/Moscow] Using file storage: SQLSTATE[HY000] [1045] Access denied for user 'root'@'localhost' (using password: NO)
[17-Dec-2025 16:16:00 Europe/Moscow] Using file storage: SQLSTATE[HY000] [1045] Access denied for user 'root'@'localhost' (using password: NO)
[17-Dec-2025 16:16:03 Europe/Moscow] Using file storage: SQLSTATE[HY000] [1045] Access denied for user 'root'@'localhost' (using password: NO)
[17-Dec-2025 16:16:03 Europe/Moscow] Using file storage: SQLSTATE[HY000] [1045] Access denied for user 'root'@'localhost' (using password: NO)
[17-Dec-2025 16:16:07 Europe/Moscow] Using file storage: SQLSTATE[HY000] [1045] Access denied for user 'root'@'localhost' (using password: NO)
[17-Dec-2025 16:16:07 Europe/Moscow] Using file storage: SQLSTATE[HY000] [1045] Access denied for user 'root'@'localhost' (using password: NO)
[17-Dec-2025 16:16:09 Europe/Moscow] Using file storage: SQLSTATE[HY000] [1045] Access denied for user 'root'@'localhost' (using password: NO)
[17-Dec-2025 16:16:09 Europe/Moscow] Using file storage: SQLSTATE[HY000] [1045] Access denied for user 'root'@'localhost' (using password: NO)
[17-Dec-2025 16:16:12 Europe/Moscow] Using file storage: SQLSTATE[HY000] [1045] Access denied for user 'root'@'localhost' (using password: NO)
[17-Dec-2025 16:16:12 Europe/Moscow] Using file storage: SQLSTATE[HY000] [1045] Access denied for user 'root'@'localhost' (using password: NO)
[17-Dec-2025 16:16:15 Europe/Moscow] Using file storage: SQLSTATE[HY000] [1045] Access denied for user 'root'@'localhost' (using password: NO)
[17-Dec-2025 16:16:15 Europe/Moscow] Using file storage: SQLSTATE[HY000] [1045] Access denied for user 'root'@'localhost' (using password: NO)
[17-Dec-2025 16:16:17 Europe/Moscow] Using file storage: SQLSTATE[HY000] [1045] Access denied for user 'root'@'localhost' (using password: NO)
[17-Dec-2025 16:16:17 Europe/Moscow] Using file storage: SQLSTATE[HY000] [1045] Access denied for user 'root'@'localhost' (using password: NO)
[17-Dec-2025 16:16:21 Europe/Moscow] Using file storage: SQLSTATE[HY000] [1045] Access denied for user 'root'@'localhost' (using password: NO)
[17-Dec-2025 16:16:21 Europe/Moscow] Using file storage: SQLSTATE[HY000] [1045] Access denied for user 'root'@'localhost' (using password: NO)
[17-Dec-2025 16:16:23 Europe/Moscow] Using file storage: SQLSTATE[HY000] [1045] Access denied for user 'root'@'localhost' (using password: NO)
[17-Dec-2025 16:16:23 Europe/Moscow] Using file storage: SQLSTATE[HY000] [1045] Access denied for user 'root'@'localhost' (using password: NO)
[17-Dec-2025 16:16:25 Europe/Moscow] Using file storage: SQLSTATE[HY000] [1045] Access denied for user 'root'@'localhost' (using password: NO)
[17-Dec-2025 16:16:25 Europe/Moscow] Using file storage: SQLSTATE[HY000] [1045] Access denied for user 'root'@'localhost' (using password: NO)
[17-Dec-2025 16:16:28 Europe/Moscow] Using file storage: SQLSTATE[HY000] [1045] Access denied for user 'root'@'localhost' (using password: NO)
[17-Dec-2025 16:16:28 Europe/Moscow] Using file storage: SQLSTATE[HY000] [1045] Access denied for user 'root'@'localhost' (using password: NO)
[17-Dec-2025 16:16:30 Europe/Moscow] Using file storage: SQLSTATE[HY000] [1045] Access denied for user 'root'@'localhost' (using password: NO)
[17-Dec-2025 16:16:30 Europe/Moscow] Using file storage: SQLSTATE[HY000] [1045] Access denied for user 'root'@'localhost' (using password: NO)
[17-Dec-2025 16:16:33 Europe/Moscow] Using file storage: SQLSTATE[HY000] [1045] Access denied for user 'root'@'localhost' (using password: NO)
[17-Dec-2025 16:16:33 Europe/Moscow] Using file storage: SQLSTATE[HY000] [1045] Access denied for user 'root'@'localhost' (using password: NO)
[17-Dec-2025 16:16:36 Europe/Moscow] Using file storage: SQLSTATE[HY000] [1045] Access denied for user 'root'@'localhost' (using password: NO)
[17-Dec-2025 16:16:36 Europe/Moscow] Using file storage: SQLSTATE[HY000] [1045] Access denied for user 'root'@'localhost' (using password: NO)
[17-Dec-2025 16:16:38 Europe/Moscow] Using file storage: SQLSTATE[HY000] [1045] Access denied for user 'root'@'localhost' (using password: NO)
[17-Dec-2025 16:16:38 Europe/Moscow] Using file storage: SQLSTATE[HY000] [1045] Access denied for user 'root'@'localhost' (using password: NO)
[17-Dec-2025 16:17:20 Europe/Moscow] Using file storage: SQLSTATE[HY000] [1045] Access denied for user 'root'@'localhost' (using password: NO)
[17-Dec-2025 16:17:20 Europe/Moscow] Using file storage: SQLSTATE[HY000] [1045] Access denied for user 'root'@'localhost' (using password: NO)
[17-Dec-2025 16:17:22 Europe/Moscow] Using file storage: SQLSTATE[HY000] [1045] Access denied for user 'root'@'localhost' (using password: NO)
[17-Dec-2025 16:17:22 Europe/Moscow] Using file storage: SQLSTATE[HY000] [1045] Access denied for user 'root'@'localhost' (using password: NO)
[17-Dec-2025 16:17:25 Europe/Moscow] Using file storage: SQLSTATE[HY000] [1045] Access denied for user 'root'@'localhost' (using password: NO)
[17-Dec-2025 16:17:25 Europe/Moscow] Using file storage: SQLSTATE[HY000] [1045] Access denied for user 'root'@'localhost' (using password: NO)
[17-Dec-2025 16:17:27 Europe/Moscow] Using file storage: SQLSTATE[HY000] [1045] Access denied for user 'root'@'localhost' (using password: NO)
[17-Dec-2025 16:17:27 Europe/Moscow] Using file storage: SQLSTATE[HY000] [1045] Access denied for user 'root'@'localhost' (using password: NO)
[17-Dec-2025 16:17:30 Europe/Moscow] Using file storage: SQLSTATE[HY000] [1045] Access denied for user 'root'@'localhost' (using password: NO)
[17-Dec-2025 16:17:30 Europe/Moscow] Using file storage: SQLSTATE[HY000] [1045] Access denied for user 'root'@'localhost' (using password: NO)
[17-Dec-2025 16:17:34 Europe/Moscow] Using file storage: SQLSTATE[HY000] [1045] Access denied for user 'root'@'localhost' (using password: NO)
[17-Dec-2025 16:17:34 Europe/Moscow] Using file storage: SQLSTATE[HY000] [1045] Access denied for user 'root'@'localhost' (using password: NO)
[17-Dec-2025 16:17:37 Europe/Moscow] Using file storage: SQLSTATE[HY000] [1045] Access denied for user 'root'@'localhost' (using password: NO)
[17-Dec-2025 16:17:37 Europe/Moscow] Using file storage: SQLSTATE[HY000] [1045] Access denied for user 'root'@'localhost' (using password: NO)
[17-Dec-2025 16:17:39 Europe/Moscow] Using file storage: SQLSTATE[HY000] [1045] Access denied for user 'root'@'localhost' (using password: NO)
[17-Dec-2025 16:17:39 Europe/Moscow] Using file storage: SQLSTATE[HY000] [1045] Access denied for user 'root'@'localhost' (using password: NO)
[17-Dec-2025 16:17:42 Europe/Moscow] Using file storage: SQLSTATE[HY000] [1045] Access denied for user 'root'@'localhost' (using password: NO)
[17-Dec-2025 16:17:42 Europe/Moscow] Using file storage: SQLSTATE[HY000] [1045] Access denied for user 'root'@'localhost' (using password: NO)
[17-Dec-2025 16:17:44 Europe/Moscow] Using file storage: SQLSTATE[HY000] [1045] Access denied for user 'root'@'localhost' (using password: NO)
[17-Dec-2025 16:17:44 Europe/Moscow] Using file storage: SQLSTATE[HY000] [1045] Access denied for user 'root'@'localhost' (using password: NO)
[17-Dec-2025 16:17:49 Europe/Moscow] Using file storage: SQLSTATE[HY000] [1045] Access denied for user 'root'@'localhost' (using password: NO)
[17-Dec-2025 16:17:49 Europe/Moscow] Using file storage: SQLSTATE[HY000] [1045] Access denied for user 'root'@'localhost' (using password: NO)
[17-Dec-2025 16:17:52 Europe/Moscow] Using file storage: SQLSTATE[HY000] [1045] Access denied for user 'root'@'localhost' (using password: NO)
[17-Dec-2025 16:17:52 Europe/Moscow] Using file storage: SQLSTATE[HY000] [1045] Access denied for user 'root'@'localhost' (using password: NO)
[17-Dec-2025 16:17:54 Europe/Moscow] Using file storage: SQLSTATE[HY000] [1045] Access denied for user 'root'@'localhost' (using password: NO)
[17-Dec-2025 16:17:54 Europe/Moscow] Using file storage: SQLSTATE[HY000] [1045] Access denied for user 'root'@'localhost' (using password: NO)
[17-Dec-2025 16:17:57 Europe/Moscow] Using file storage: SQLSTATE[HY000] [1045] Access denied for user 'root'@'localhost' (using password: NO)
[17-Dec-2025 16:17:57 Europe/Moscow] Using file storage: SQLSTATE[HY000] [1045] Access denied for user 'root'@'localhost' (using password: NO)
[17-Dec-2025 16:18:00 Europe/Moscow] Using file storage: SQLSTATE[HY000] [1045] Access denied for user 'root'@'localhost' (using password: NO)
[17-Dec-2025 16:18:00 Europe/Moscow] Using file storage: SQLSTATE[HY000] [1045] Access denied for user 'root'@'localhost' (using password: NO)
[17-Dec-2025 16:18:02 Europe/Moscow] Using file storage: SQLSTATE[HY000] [1045] Access denied for user 'root'@'localhost' (using password: NO)
[17-Dec-2025 16:18:02 Europe/Moscow] Using file storage: SQLSTATE[HY000] [1045] Access denied for user 'root'@'localhost' (using password: NO)
[17-Dec-2025 16:18:04 Europe/Moscow] Using file storage: SQLSTATE[HY000] [1045] Access denied for user 'root'@'localhost' (using password: NO)
[17-Dec-2025 16:18:04 Europe/Moscow] Using file storage: SQLSTATE[HY000] [1045] Access denied for user 'root'@'localhost' (using password: NO)
[17-Dec-2025 16:18:07 Europe/Moscow] Using file storage: SQLSTATE[HY000] [1045] Access denied for user 'root'@'localhost' (using password: NO)
[17-Dec-2025 16:18:07 Europe/Moscow] Using file storage: SQLSTATE[HY000] [1045] Access denied for user 'root'@'localhost' (using password: NO)
[17-Dec-2025 16:18:10 Europe/Moscow] Using file storage: SQLSTATE[HY000] [1045] Access denied for user 'root'@'localhost' (using password: NO)
[17-Dec-2025 16:18:10 Europe/Moscow] Using file storage: SQLSTATE[HY000] [1045] Access denied for user 'root'@'localhost' (using password: NO)
[17-Dec-2025 16:18:12 Europe/Moscow] Using file storage: SQLSTATE[HY000] [1045] Access denied for user 'root'@'localhost' (using password: NO)
[17-Dec-2025 16:18:12 Europe/Moscow] Using file storage: SQLSTATE[HY000] [1045] Access denied for user 'root'@'localhost' (using password: NO)
[17-Dec-2025 16:18:15 Europe/Moscow] Using file storage: SQLSTATE[HY000] [1045] Access denied for user 'root'@'localhost' (using password: NO)
[17-Dec-2025 16:18:15 Europe/Moscow] Using file storage: SQLSTATE[HY000] [1045] Access denied for user 'root'@'localhost' (using password: NO)
[17-Dec-2025 16:18:17 Europe/Moscow] Using file storage: SQLSTATE[HY000] [1045] Access denied for user 'root'@'localhost' (using password: NO)
[17-Dec-2025 16:18:17 Europe/Moscow] Using file storage: SQLSTATE[HY000] [1045] Access denied for user 'root'@'localhost' (using password: NO)
[17-Dec-2025 16:18:20 Europe/Moscow] Using file storage: SQLSTATE[HY000] [1045] Access denied for user 'root'@'localhost' (using password: NO)
[17-Dec-2025 16:18:20 Europe/Moscow] Telegram update received: {"update_id":300518967,
"message":{"message_id":66,"from":{"id":6897915758,"is_bot":false,"first_name":"Lauza","last_name":"Nezpph","language_code":"ru"},"chat":{"id":6897915758,"first_name":"Lauza","
[17-Dec-2025 16:18:20 Europe/Moscow] Using file storage: SQLSTATE[HY000] [1045] Access denied for user 'root'@'localhost' (using password: NO)
[17-Dec-2025 16:18:20 Europe/Moscow] Using file storage: SQLSTATE[HY000] [1045] Access denied for user 'root'@'localhost' (using password: NO)
[17-Dec-2025 16:18:20 Europe/Moscow] Telegram update received: {"update_id":300518968,
"message":{"message_id":67,"from":{"id":6897915758,"is_bot":false,"first_name":"Lauza","last_name":"Nezpph","language_code":"ru"},"chat":{"id":6897915758,"first_name":"Lauza","
[17-Dec-2025 16:18:20 Europe/Moscow] Using file storage: SQLSTATE[HY000] [1045] Access denied for user 'root'@'localhost' (using password: NO)
[17-Dec-2025 16:18:21 Europe/Moscow] Using file storage: SQLSTATE[HY000] [1045] Access denied for user 'root'@'localhost' (using password: NO)
[17-Dec-2025 16:18:21 Europe/Moscow] Using file storage: SQLSTATE[HY000] [1045] Access denied for user 'root'@'localhost' (using password: NO)
[17-Dec-2025 16:18:21 Europe/Moscow] Using file storage: SQLSTATE[HY000] [1045] Access denied for user 'root'@'localhost' (using password: NO)
[17-Dec-2025 16:18:21 Europe/Moscow] Telegram update received: {"update_id":300518969,
"message":{"message_id":68,"from":{"id":6897915758,"is_bot":false,"first_name":"Lauza","last_name":"Nezpph","language_code":"ru"},"chat":{"id":6897915758,"first_name":"Lauza","
[17-Dec-2025 16:18:21 Europe/Moscow] Using file storage: SQLSTATE[HY000] [1045] Access denied for user 'root'@'localhost' (using password: NO)
[17-Dec-2025 16:18:21 Europe/Moscow] Using file storage: SQLSTATE[HY000] [1045] Access denied for user 'root'@'localhost' (using password: NO)
[17-Dec-2025 16:18:21 Europe/Moscow] Telegram update received: {"update_id":300518970,
"message":{"message_id":69,"from":{"id":6897915758,"is_bot":false,"first_name":"Lauza","last_name":"Nezpph","language_code":"ru"},"chat":{"id":6897915758,"first_name":"Lauza","
[17-Dec-2025 16:18:21 Europe/Moscow] Using file storage: SQLSTATE[HY000] [1045] Access denied for user 'root'@'localhost' (using password: NO)
[17-Dec-2025 16:18:21 Europe/Moscow] Using file storage: SQLSTATE[HY000] [1045] Access denied for user 'root'@'localhost' (using password: NO)
[17-Dec-2025 16:18:21 Europe/Moscow] Telegram update received: {"update_id":300518971,
"message":{"message_id":70,"from":{"id":6897915758,"is_bot":false,"first_name":"Lauza","last_name":"Nezpph","language_code":"ru"},"chat":{"id":6897915758,"first_name":"Lauza","
[17-Dec-2025 16:18:21 Europe/Moscow] Using file storage: SQLSTATE[HY000] [1045] Access denied for user 'root'@'localhost' (using password: NO)
[17-Dec-2025 16:18:22 Europe/Moscow] Using file storage: SQLSTATE[HY000] [1045] Access denied for user 'root'@'localhost' (using password: NO)
[17-Dec-2025 16:18:22 Europe/Moscow] Telegram update received: {"update_id":300518972,
"message":{"message_id":72,"from":{"id":6897915758,"is_bot":false,"first_name":"Lauza","last_name":"Nezpph","language_code":"ru"},"chat":{"id":6897915758,"first_name":"Lauza","
[17-Dec-2025 16:18:22 Europe/Moscow] Using file storage: SQLSTATE[HY000] [1045] Access denied for user 'root'@'localhost' (using password: NO)
[17-Dec-2025 16:18:22 Europe/Moscow] Using file storage: SQLSTATE[HY000] [1045] Access denied for user 'root'@'localhost' (using password: NO)
[17-Dec-2025 16:18:22 Europe/Moscow] Telegram update received: {"update_id":300518973,
"message":{"message_id":73,"from":{"id":6897915758,"is_bot":false,"first_name":"Lauza","last_name":"Nezpph","language_code":"ru"},"chat":{"id":6897915758,"first_name":"Lauza","
[17-Dec-2025 16:18:22 Europe/Moscow] Using file storage: SQLSTATE[HY000] [1045] Access denied for user 'root'@'localhost' (using password: NO)
[17-Dec-2025 16:18:22 Europe/Moscow] Using file storage: SQLSTATE[HY000] [1045] Access denied for user 'root'@'localhost' (using password: NO)
[17-Dec-2025 16:18:22 Europe/Moscow] Telegram update received: {"update_id":300518974,
"message":{"message_id":74,"from":{"id":6897915758,"is_bot":false,"first_name":"Lauza","last_name":"Nezpph","language_code":"ru"},"chat":{"id":6897915758,"first_name":"Lauza","
[17-Dec-2025 16:18:22 Europe/Moscow] Using file storage: SQLSTATE[HY000] [1045] Access denied for user 'root'@'localhost' (using password: NO)
[17-Dec-2025 16:18:23 Europe/Moscow] Using file storage: SQLSTATE[HY000] [1045] Access denied for user 'root'@'localhost' (using password: NO)
[17-Dec-2025 16:18:23 Europe/Moscow] Telegram update received: {"update_id":300518975,
"message":{"message_id":76,"from":{"id":6897915758,"is_bot":false,"first_name":"Lauza","last_name":"Nezpph","language_code":"ru"},"chat":{"id":6897915758,"first_name":"Lauza","
[17-Dec-2025 16:18:23 Europe/Moscow] Using file storage: SQLSTATE[HY000] [1045] Access denied for user 'root'@'localhost' (using password: NO)
[17-Dec-2025 16:18:23 Europe/Moscow] Using file storage: SQLSTATE[HY000] [1045] Access denied for user 'root'@'localhost' (using password: NO)
[17-Dec-2025 16:18:23 Europe/Moscow] Telegram update received: {"update_id":300518976,
"message":{"message_id":78,"from":{"id":6897915758,"is_bot":false,"first_name":"Lauza","last_name":"Nezpph","language_code":"ru"},"chat":{"id":6897915758,"first_name":"Lauza","
[17-Dec-2025 16:18:23 Europe/Moscow] Using file storage: SQLSTATE[HY000] [1045] Access denied for user 'root'@'localhost' (using password: NO)
[17-Dec-2025 16:18:23 Europe/Moscow] Using file storage: SQLSTATE[HY000] [1045] Access denied for user 'root'@'localhost' (using password: NO)
[17-Dec-2025 16:18:23 Europe/Moscow] Using file storage: SQLSTATE[HY000] [1045] Access denied for user 'root'@'localhost' (using password: NO)
[17-Dec-2025 16:18:23 Europe/Moscow] Using file storage: SQLSTATE[HY000] [1045] Access denied for user 'root'@'localhost' (using password: NO)
[17-Dec-2025 16:18:23 Europe/Moscow] Telegram update received: {"update_id":300518977,
"message":{"message_id":79,"from":{"id":6897915758,"is_bot":false,"first_name":"Lauza","last_name":"Nezpph","language_code":"ru"},"chat":{"id":6897915758,"first_name":"Lauza","
[17-Dec-2025 16:18:23 Europe/Moscow] Using file storage: SQLSTATE[HY000] [1045] Access denied for user 'root'@'localhost' (using password: NO)
[17-Dec-2025 16:18:23 Europe/Moscow] Using file storage: SQLSTATE[HY000] [1045] Access denied for user 'root'@'localhost' (using password: NO)
[17-Dec-2025 16:18:23 Europe/Moscow] Telegram update received: {"update_id":300518978,
"message":{"message_id":81,"from":{"id":6897915758,"is_bot":false,"first_name":"Lauza","last_name":"Nezpph","language_code":"ru"},"chat":{"id":6897915758,"first_name":"Lauza","
[17-Dec-2025 16:18:23 Europe/Moscow] Using file storage: SQLSTATE[HY000] [1045] Access denied for user 'root'@'localhost' (using password: NO)
[17-Dec-2025 16:18:24 Europe/Moscow] Using file storage: SQLSTATE[HY000] [1045] Access denied for user 'root'@'localhost' (using password: NO)
[17-Dec-2025 16:18:24 Europe/Moscow] Telegram update received: {"update_id":300518979,
"message":{"message_id":82,"from":{"id":6897915758,"is_bot":false,"first_name":"Lauza","last_name":"Nezpph","language_code":"ru"},"chat":{"id":6897915758,"first_name":"Lauza","
[17-Dec-2025 16:18:24 Europe/Moscow] Using file storage: SQLSTATE[HY000] [1045] Access denied for user 'root'@'localhost' (using password: NO)
[17-Dec-2025 16:18:24 Europe/Moscow] Processing approve command for session: session_1765977316549
[17-Dec-2025 16:18:24 Europe/Moscow] Using file storage: SQLSTATE[HY000] [1045] Access denied for user 'root'@'localhost' (using password: NO)
[17-Dec-2025 16:18:24 Europe/Moscow] Telegram update received: {"update_id":300518980,
"message":{"message_id":84,"from":{"id":6897915758,"is_bot":false,"first_name":"Lauza","last_name":"Nezpph","language_code":"ru"},"chat":{"id":6897915758,"first_name":"Lauza","
[17-Dec-2025 16:18:24 Europe/Moscow] Using file storage: SQLSTATE[HY000] [1045] Access denied for user 'root'@'localhost' (using password: NO)
[17-Dec-2025 16:18:25 Europe/Moscow] Using file storage: SQLSTATE[HY000] [1045] Access denied for user 'root'@'localhost' (using password: NO)
[17-Dec-2025 16:18:25 Europe/Moscow] Using file storage: SQLSTATE[HY000] [1045] Access denied for user 'root'@'localhost' (using password: NO)
[17-Dec-2025 16:18:28 Europe/Moscow] Using file storage: SQLSTATE[HY000] [1045] Access denied for user 'root'@'localhost' (using password: NO)
[17-Dec-2025 16:18:28 Europe/Moscow] Using file storage: SQLSTATE[HY000] [1045] Access denied for user 'root'@'localhost' (using password: NO)
[17-Dec-2025 16:18:30 Europe/Moscow] Using file storage: SQLSTATE[HY000] [1045] Access denied for user 'root'@'localhost' (using password: NO)
[17-Dec-2025 16:18:30 Europe/Moscow] Using file storage: SQLSTATE[HY000] [1045] Access denied for user 'root'@'localhost' (using password: NO)
[17-Dec-2025 16:18:33 Europe/Moscow] Using file storage: SQLSTATE[HY000] [1045] Access denied for user 'root'@'localhost' (using password: NO)
[17-Dec-2025 16:18:33 Europe/Moscow] Using file storage: SQLSTATE[HY000] [1045] Access denied for user 'root'@'localhost' (using password: NO)
[17-Dec-2025 16:18:33 Europe/Moscow] Using file storage: SQLSTATE[HY000] [1045] Access denied for user 'root'@'localhost' (using password: NO)
[17-Dec-2025 16:18:33 Europe/Moscow] Telegram update received: {"update_id":300518981,
"message":{"message_id":99,"from":{"id":6897915758,"is_bot":false,"first_name":"Lauza","last_name":"Nezpph","language_code":"ru"},"chat":{"id":6897915758,"first_name":"Lauza","
[17-Dec-2025 16:18:33 Europe/Moscow] Using file storage: SQLSTATE[HY000] [1045] Access denied for user 'root'@'localhost' (using password: NO)
[17-Dec-2025 16:18:35 Europe/Moscow] Using file storage: SQLSTATE[HY000] [1045] Access denied for user 'root'@'localhost' (using password: NO)
[17-Dec-2025 16:18:35 Europe/Moscow] Using file storage: SQLSTATE[HY000] [1045] Access denied for user 'root'@'localhost' (using password: NO)
[17-Dec-2025 16:18:38 Europe/Moscow] Using file storage: SQLSTATE[HY000] [1045] Access denied for user 'root'@'localhost' (using password: NO)
[17-Dec-2025 16:18:38 Europe/Moscow] Using file storage: SQLSTATE[HY000] [1045] Access denied for user 'root'@'localhost' (using password: NO)
[17-Dec-2025 16:18:41 Europe/Moscow] Using file storage: SQLSTATE[HY000] [1045] Access denied for user 'root'@'localhost' (using password: NO)
[17-Dec-2025 16:18:41 Europe/Moscow] Using file storage: SQLSTATE[HY000] [1045] Access denied for user 'root'@'localhost' (using password: NO)
[17-Dec-2025 16:18:50 Europe/Moscow] Using file storage: SQLSTATE[HY000] [1045] Access denied for user 'root'@'localhost' (using password: NO)
[17-Dec-2025 16:18:50 Europe/Moscow] Using file storage: SQLSTATE[HY000] [1045] Access denied for user 'root'@'localhost' (using password: NO)
[17-Dec-2025 16:18:52 Europe/Moscow] Using file storage: SQLSTATE[HY000] [1045] Access denied for user 'root'@'localhost' (using password: NO)
[17-Dec-2025 16:18:52 Europe/Moscow] Telegram update received: {"update_id":300518982,
"message":{"message_id":102,"from":{"id":6897915758,"is_bot":false,"first_name":"Lauza","last_name":"Nezpph","language_code":"ru"},"chat":{"id":6897915758,"first_name":"Lauza",
[17-Dec-2025 16:18:52 Europe/Moscow] Using file storage: SQLSTATE[HY000] [1045] Access denied for user 'root'@'localhost' (using password: NO)
[17-Dec-2025 16:18:53 Europe/Moscow] Using file storage: SQLSTATE[HY000] [1045] Access denied for user 'root'@'localhost' (using password: NO)
[17-Dec-2025 16:18:53 Europe/Moscow] Using file storage: SQLSTATE[HY000] [1045] Access denied for user 'root'@'localhost' (using password: NO)
[17-Dec-2025 16:18:55 Europe/Moscow] Using file storage: SQLSTATE[HY000] [1045] Access denied for user 'root'@'localhost' (using password: NO)
[17-Dec-2025 16:18:55 Europe/Moscow] Using file storage: SQLSTATE[HY000] [1045] Access denied for user 'root'@'localhost' (using password: NO)
[17-Dec-2025 16:18:58 Europe/Moscow] Using file storage: SQLSTATE[HY000] [1045] Access denied for user 'root'@'localhost' (using password: NO)
[17-Dec-2025 16:18:58 Europe/Moscow] Using file storage: SQLSTATE[HY000] [1045] Access denied for user 'root'@'localhost' (using password: NO)
[17-Dec-2025 16:18:58 Europe/Moscow] Using file storage: SQLSTATE[HY000] [1045] Access denied for user 'root'@'localhost' (using password: NO)
[17-Dec-2025 16:18:58 Europe/Moscow] Telegram update received: {"update_id":300518983,
"message":{"message_id":104,"from":{"id":6897915758,"is_bot":false,"first_name":"Lauza","last_name":"Nezpph","language_code":"ru"},"chat":{"id":6897915758,"first_name":"Lauza",
[17-Dec-2025 16:18:58 Europe/Moscow] Using file storage: SQLSTATE[HY000] [1045] Access denied for user 'root'@'localhost' (using password: NO)
[17-Dec-2025 16:19:00 Europe/Moscow] Using file storage: SQLSTATE[HY000] [1045] Access denied for user 'root'@'localhost' (using password: NO)
[17-Dec-2025 16:19:00 Europe/Moscow] Using file storage: SQLSTATE[HY000] [1045] Access denied for user 'root'@'localhost' (using password: NO)
[17-Dec-2025 16:19:02 Europe/Moscow] Using file storage: SQLSTATE[HY000] [1045] Access denied for user 'root'@'localhost' (using password: NO)
[17-Dec-2025 16:19:02 Europe/Moscow] Using file storage: SQLSTATE[HY000] [1045] Access denied for user 'root'@'localhost' (using password: NO)
[17-Dec-2025 16:19:05 Europe/Moscow] Using file storage: SQLSTATE[HY000] [1045] Access denied for user 'root'@'localhost' (using password: NO)
[17-Dec-2025 16:19:05 Europe/Moscow] Using file storage: SQLSTATE[HY000] [1045] Access denied for user 'root'@'localhost' (using password: NO)
[17-Dec-2025 16:19:07 Europe/Moscow] Using file storage: SQLSTATE[HY000] [1045] Access denied for user 'root'@'localhost' (using password: NO)
[17-Dec-2025 16:19:07 Europe/Moscow] Using file storage: SQLSTATE[HY000] [1045] Access denied for user 'root'@'localhost' (using password: NO)
[17-Dec-2025 16:19:09 Europe/Moscow] Using file storage: SQLSTATE[HY000] [1045] Access denied for user 'root'@'localhost' (using password: NO)
[17-Dec-2025 16:19:09 Europe/Moscow] Using file storage: SQLSTATE[HY000] [1045] Access denied for user 'root'@'localhost' (using password: NO)
[17-Dec-2025 16:19:12 Europe/Moscow] Using file storage: SQLSTATE[HY000] [1045] Access denied for user 'root'@'localhost' (using password: NO)
[17-Dec-2025 16:19:12 Europe/Moscow] Using file storage: SQLSTATE[HY000] [1045] Access denied for user 'root'@'localhost' (using password: NO)
[17-Dec-2025 16:19:14 Europe/Moscow] Using file storage: SQLSTATE[HY000] [1045] Access denied for user 'root'@'localhost' (using password: NO)
[17-Dec-2025 16:19:14 Europe/Moscow] Using file storage: SQLSTATE[HY000] [1045] Access denied for user 'root'@'localhost' (using password: NO)
[17-Dec-2025 16:19:17 Europe/Moscow] Using file storage: SQLSTATE[HY000] [1045] Access denied for user 'root'@'localhost' (using password: NO)
[17-Dec-2025 16:19:17 Europe/Moscow] Using file storage: SQLSTATE[HY000] [1045] Access denied for user 'root'@'localhost' (using password: NO)
[17-Dec-2025 16:19:18 Europe/Moscow] Using file storage: SQLSTATE[HY000] [1045] Access denied for user 'root'@'localhost' (using password: NO)
[17-Dec-2025 16:19:18 Europe/Moscow] Telegram update received: {"update_id":300518984,
"message":{"message_id":106,"from":{"id":6897915758,"is_bot":false,"first_name":"Lauza","last_name":"Nezpph","language_code":"ru"},"chat":{"id":6897915758,"first_name":"Lauza",
[17-Dec-2025 16:19:18 Europe/Moscow] Using file storage: SQLSTATE[HY000] [1045] Access denied for user 'root'@'localhost' (using password: NO)
[17-Dec-2025 16:19:19 Europe/Moscow] Using file storage: SQLSTATE[HY000] [1045] Access denied for user 'root'@'localhost' (using password: NO)
[17-Dec-2025 16:19:19 Europe/Moscow] Using file storage: SQLSTATE[HY000] [1045] Access denied for user 'root'@'localhost' (using password: NO)
[17-Dec-2025 16:19:20 Europe/Moscow] Using file storage: SQLSTATE[HY000] [1045] Access denied for user 'root'@'localhost' (using password: NO)
[17-Dec-2025 16:19:20 Europe/Moscow] Telegram update received: {"update_id":300518985,
"message":{"message_id":108,"from":{"id":6897915758,"is_bot":false,"first_name":"Lauza","last_name":"Nezpph","language_code":"ru"},"chat":{"id":6897915758,"first_name":"Lauza",
[17-Dec-2025 16:19:20 Europe/Moscow] Using file storage: SQLSTATE[HY000] [1045] Access denied for user 'root'@'localhost' (using password: NO)
[17-Dec-2025 16:19:21 Europe/Moscow] Using file storage: SQLSTATE[HY000] [1045] Access denied for user 'root'@'localhost' (using password: NO)
[17-Dec-2025 16:19:21 Europe/Moscow] Using file storage: SQLSTATE[HY000] [1045] Access denied for user 'root'@'localhost' (using password: NO)
[17-Dec-2025 16:19:22 Europe/Moscow] Using file storage: SQLSTATE[HY000] [1045] Access denied for user 'root'@'localhost' (using password: NO)
[17-Dec-2025 16:19:22 Europe/Moscow] Telegram update received: {"update_id":300518986,
"message":{"message_id":110,"from":{"id":6897915758,"is_bot":false,"first_name":"Lauza","last_name":"Nezpph","language_code":"ru"},"chat":{"id":6897915758,"first_name":"Lauza",
[17-Dec-2025 16:19:22 Europe/Moscow] Using file storage: SQLSTATE[HY000] [1045] Access denied for user 'root'@'localhost' (using password: NO)
[17-Dec-2025 16:19:24 Europe/Moscow] Using file storage: SQLSTATE[HY000] [1045] Access denied for user 'root'@'localhost' (using password: NO)
[17-Dec-2025 16:19:24 Europe/Moscow] Using file storage: SQLSTATE[HY000] [1045] Access denied for user 'root'@'localhost' (using password: NO)
[17-Dec-2025 16:19:26 Europe/Moscow] Using file storage: SQLSTATE[HY000] [1045] Access denied for user 'root'@'localhost' (using password: NO)
[17-Dec-2025 16:19:26 Europe/Moscow] Using file storage: SQLSTATE[HY000] [1045] Access denied for user 'root'@'localhost' (using password: NO)
[17-Dec-2025 16:19:27 Europe/Moscow] Using file storage: SQLSTATE[HY000] [1045] Access denied for user 'root'@'localhost' (using password: NO)
[17-Dec-2025 16:19:27 Europe/Moscow] Telegram update received: {"update_id":300518987,
"message":{"message_id":112,"from":{"id":6897915758,"is_bot":false,"first_name":"Lauza","last_name":"Nezpph","language_code":"ru"},"chat":{"id":6897915758,"first_name":"Lauza",
[17-Dec-2025 16:19:27 Europe/Moscow] Using file storage: SQLSTATE[HY000] [1045] Access denied for user 'root'@'localhost' (using password: NO)
[17-Dec-2025 16:19:29 Europe/Moscow] Using file storage: SQLSTATE[HY000] [1045] Access denied for user 'root'@'localhost' (using password: NO)
[17-Dec-2025 16:19:29 Europe/Moscow] Using file storage: SQLSTATE[HY000] [1045] Access denied for user 'root'@'localhost' (using password: NO)
[17-Dec-2025 16:19:31 Europe/Moscow] Using file storage: SQLSTATE[HY000] [1045] Access denied for user 'root'@'localhost' (using password: NO)
[17-Dec-2025 16:19:31 Europe/Moscow] Using file storage: SQLSTATE[HY000] [1045] Access denied for user 'root'@'localhost' (using password: NO)
[17-Dec-2025 16:19:33 Europe/Moscow] Using file storage: SQLSTATE[HY000] [1045] Access denied for user 'root'@'localhost' (using password: NO)
[17-Dec-2025 16:19:33 Europe/Moscow] Using file storage: SQLSTATE[HY000] [1045] Access denied for user 'root'@'localhost' (using password: NO)
[17-Dec-2025 16:19:36 Europe/Moscow] Using file storage: SQLSTATE[HY000] [1045] Access denied for user 'root'@'localhost' (using password: NO)
[17-Dec-2025 16:19:36 Europe/Moscow] Using file storage: SQLSTATE[HY000] [1045] Access denied for user 'root'@'localhost' (using password: NO)
[17-Dec-2025 16:19:36 Europe/Moscow] Using file storage: SQLSTATE[HY000] [1045] Access denied for user 'root'@'localhost' (using password: NO)
[17-Dec-2025 16:19:36 Europe/Moscow] Telegram update received: {"update_id":300518988,
"message":{"message_id":115,"from":{"id":6897915758,"is_bot":false,"first_name":"Lauza","last_name":"Nezpph","language_code":"ru"},"chat":{"id":6897915758,"first_name":"Lauza",
[17-Dec-2025 16:19:36 Europe/Moscow] Using file storage: SQLSTATE[HY000] [1045] Access denied for user 'root'@'localhost' (using password: NO)
[17-Dec-2025 16:19:38 Europe/Moscow] Using file storage: SQLSTATE[HY000] [1045] Access denied for user 'root'@'localhost' (using password: NO)
[17-Dec-2025 16:19:38 Europe/Moscow] Using file storage: SQLSTATE[HY000] [1045] Access denied for user 'root'@'localhost' (using password: NO)
[17-Dec-2025 16:19:40 Europe/Moscow] Using file storage: SQLSTATE[HY000] [1045] Access denied for user 'root'@'localhost' (using password: NO)
[17-Dec-2025 16:19:40 Europe/Moscow] Using file storage: SQLSTATE[HY000] [1045] Access denied for user 'root'@'localhost' (using password: NO)
[17-Dec-2025 16:19:43 Europe/Moscow] Using file storage: SQLSTATE[HY000] [1045] Access denied for user 'root'@'localhost' (using password: NO)
[17-Dec-2025 16:19:43 Europe/Moscow] Using file storage: SQLSTATE[HY000] [1045] Access denied for user 'root'@'localhost' (using password: NO)
[17-Dec-2025 16:19:46 Europe/Moscow] Using file storage: SQLSTATE[HY000] [1045] Access denied for user 'root'@'localhost' (using password: NO)
[17-Dec-2025 16:19:46 Europe/Moscow] Using file storage: SQLSTATE[HY000] [1045] Access denied for user 'root'@'localhost' (using password: NO)
[17-Dec-2025 16:19:49 Europe/Moscow] Using file storage: SQLSTATE[HY000] [1045] Access denied for user 'root'@'localhost' (using password: NO)
[17-Dec-2025 16:19:49 Europe/Moscow] Using file storage: SQLSTATE[HY000] [1045] Access denied for user 'root'@'localhost' (using password: NO)
[17-Dec-2025 16:19:51 Europe/Moscow] Using file storage: SQLSTATE[HY000] [1045] Access denied for user 'root'@'localhost' (using password: NO)
[17-Dec-2025 16:19:51 Europe/Moscow] Telegram update received: {"update_id":300518989,
"message":{"message_id":118,"from":{"id":6897915758,"is_bot":false,"first_name":"Lauza","last_name":"Nezpph","language_code":"ru"},"chat":{"id":6897915758,"first_name":"Lauza",
[17-Dec-2025 16:19:51 Europe/Moscow] Using file storage: SQLSTATE[HY000] [1045] Access denied for user 'root'@'localhost' (using password: NO)
[17-Dec-2025 16:19:51 Europe/Moscow] Using file storage: SQLSTATE[HY000] [1045] Access denied for user 'root'@'localhost' (using password: NO)
[17-Dec-2025 16:19:51 Europe/Moscow] Using file storage: SQLSTATE[HY000] [1045] Access denied for user 'root'@'localhost' (using password: NO)
[17-Dec-2025 16:19:54 Europe/Moscow] Using file storage: SQLSTATE[HY000] [1045] Access denied for user 'root'@'localhost' (using password: NO)
[17-Dec-2025 16:19:54 Europe/Moscow] Using file storage: SQLSTATE[HY000] [1045] Access denied for user 'root'@'localhost' (using password: NO)
[17-Dec-2025 16:19:56 Europe/Moscow] Using file storage: SQLSTATE[HY000] [1045] Access denied for user 'root'@'localhost' (using password: NO)
[17-Dec-2025 16:19:56 Europe/Moscow] Using file storage: SQLSTATE[HY000] [1045] Access denied for user 'root'@'localhost' (using password: NO)
[17-Dec-2025 16:19:58 Europe/Moscow] Using file storage: SQLSTATE[HY000] [1045] Access denied for user 'root'@'localhost' (using password: NO)
[17-Dec-2025 16:19:58 Europe/Moscow] Using file storage: SQLSTATE[HY000] [1045] Access denied for user 'root'@'localhost' (using password: NO)
[17-Dec-2025 16:20:01 Europe/Moscow] Using file storage: SQLSTATE[HY000] [1045] Access denied for user 'root'@'localhost' (using password: NO)
[17-Dec-2025 16:20:01 Europe/Moscow] Using file storage: SQLSTATE[HY000] [1045] Access denied for user 'root'@'localhost' (using password: NO)
[17-Dec-2025 16:20:03 Europe/Moscow] Using file storage: SQLSTATE[HY000] [1045] Access denied for user 'root'@'localhost' (using password: NO)
[17-Dec-2025 16:20:03 Europe/Moscow] Using file storage: SQLSTATE[HY000] [1045] Access denied for user 'root'@'localhost' (using password: NO)
[17-Dec-2025 16:20:06 Europe/Moscow] Using file storage: SQLSTATE[HY000] [1045] Access denied for user 'root'@'localhost' (using password: NO)
[17-Dec-2025 16:20:06 Europe/Moscow] Using file storage: SQLSTATE[HY000] [1045] Access denied for user 'root'@'localhost' (using password: NO)
[17-Dec-2025 16:20:08 Europe/Moscow] Using file storage: SQLSTATE[HY000] [1045] Access denied for user 'root'@'localhost' (using password: NO)
[17-Dec-2025 16:20:08 Europe/Moscow] Using file storage: SQLSTATE[HY000] [1045] Access denied for user 'root'@'localhost' (using password: NO)
[17-Dec-2025 16:20:10 Europe/Moscow] Using file storage: SQLSTATE[HY000] [1045] Access denied for user 'root'@'localhost' (using password: NO)
[17-Dec-2025 16:20:10 Europe/Moscow] Using file storage: SQLSTATE[HY000] [1045] Access denied for user 'root'@'localhost' (using password: NO)
[17-Dec-2025 16:20:13 Europe/Moscow] Using file storage: SQLSTATE[HY000] [1045] Access denied for user 'root'@'localhost' (using password: NO)
[17-Dec-2025 16:20:13 Europe/Moscow] Using file storage: SQLSTATE[HY000] [1045] Access denied for user 'root'@'localhost' (using password: NO)
[17-Dec-2025 16:20:16 Europe/Moscow] Using file storage: SQLSTATE[HY000] [1045] Access denied for user 'root'@'localhost' (using password: NO)
[17-Dec-2025 16:20:16 Europe/Moscow] Using file storage: SQLSTATE[HY000] [1045] Access denied for user 'root'@'localhost' (using password: NO)
[17-Dec-2025 16:20:19 Europe/Moscow] Using file storage: SQLSTATE[HY000] [1045] Access denied for user 'root'@'localhost' (using password: NO)
[17-Dec-2025 16:20:19 Europe/Moscow] Using file storage: SQLSTATE[HY000] [1045] Access denied for user 'root'@'localhost' (using password: NO)
[17-Dec-2025 16:20:22 Europe/Moscow] Using file storage: SQLSTATE[HY000] [1045] Access denied for user 'root'@'localhost' (using password: NO)
[17-Dec-2025 16:20:22 Europe/Moscow] Using file storage: SQLSTATE[HY000] [1045] Access denied for user 'root'@'localhost' (using password: NO)
[17-Dec-2025 16:20:25 Europe/Moscow] Using file storage: SQLSTATE[HY000] [1045] Access denied for user 'root'@'localhost' (using password: NO)
[17-Dec-2025 16:20:25 Europe/Moscow] Using file storage: SQLSTATE[HY000] [1045] Access denied for user 'root'@'localhost' (using password: NO)
[17-Dec-2025 16:20:27 Europe/Moscow] Using file storage: SQLSTATE[HY000] [1045] Access denied for user 'root'@'localhost' (using password: NO)
[17-Dec-2025 16:20:27 Europe/Moscow] Using file storage: SQLSTATE[HY000] [1045] Access denied for user 'root'@'localhost' (using password: NO)
[17-Dec-2025 16:20:30 Europe/Moscow] Using file storage: SQLSTATE[HY000] [1045] Access denied for user 'root'@'localhost' (using password: NO)
[17-Dec-2025 16:20:30 Europe/Moscow] Using file storage: SQLSTATE[HY000] [1045] Access denied for user 'root'@'localhost' (using password: NO)
[17-Dec-2025 16:20:32 Europe/Moscow] Using file storage: SQLSTATE[HY000] [1045] Access denied for user 'root'@'localhost' (using password: NO)
[17-Dec-2025 16:20:32 Europe/Moscow] Using file storage: SQLSTATE[HY000] [1045] Access denied for user 'root'@'localhost' (using password: NO)
[17-Dec-2025 16:20:34 Europe/Moscow] Using file storage: SQLSTATE[HY000] [1045] Access denied for user 'root'@'localhost' (using password: NO)
[17-Dec-2025 16:20:34 Europe/Moscow] Using file storage: SQLSTATE[HY000] [1045] Access denied for user 'root'@'localhost' (using password: NO)
[17-Dec-2025 16:20:37 Europe/Moscow] Using file storage: SQLSTATE[HY000] [1045] Access denied for user 'root'@'localhost' (using password: NO)
[17-Dec-2025 16:20:37 Europe/Moscow] Using file storage: SQLSTATE[HY000] [1045] Access denied for user 'root'@'localhost' (using password: NO)
[17-Dec-2025 16:20:40 Europe/Moscow] Using file storage: SQLSTATE[HY000] [1045] Access denied for user 'root'@'localhost' (using password: NO)
[17-Dec-2025 16:20:40 Europe/Moscow] Using file storage: SQLSTATE[HY000] [1045] Access denied for user 'root'@'localhost' (using password: NO)
[17-Dec-2025 16:20:43 Europe/Moscow] Using file storage: SQLSTATE[HY000] [1045] Access denied for user 'root'@'localhost' (using password: NO)
[17-Dec-2025 16:20:43 Europe/Moscow] Using file storage: SQLSTATE[HY000] [1045] Access denied for user 'root'@'localhost' (using password: NO)
[17-Dec-2025 16:20:45 Europe/Moscow] Using file storage: SQLSTATE[HY000] [1045] Access denied for user 'root'@'localhost' (using password: NO)
[17-Dec-2025 16:20:45 Europe/Moscow] Using file storage: SQLSTATE[HY000] [1045] Access denied for user 'root'@'localhost' (using password: NO)
[17-Dec-2025 16:20:48 Europe/Moscow] Using file storage: SQLSTATE[HY000] [1045] Access denied for user 'root'@'localhost' (using password: NO)
[17-Dec-2025 16:20:48 Europe/Moscow] Using file storage: SQLSTATE[HY000] [1045] Access denied for user 'root'@'localhost' (using password: NO)
[17-Dec-2025 16:20:50 Europe/Moscow] Using file storage: SQLSTATE[HY000] [1045] Access denied for user 'root'@'localhost' (using password: NO)
[17-Dec-2025 16:20:50 Europe/Moscow] Using file storage: SQLSTATE[HY000] [1045] Access denied for user 'root'@'localhost' (using password: NO)
[17-Dec-2025 16:20:52 Europe/Moscow] Using file storage: SQLSTATE[HY000] [1045] Access denied for user 'root'@'localhost' (using password: NO)
[17-Dec-2025 16:20:52 Europe/Moscow] Using file storage: SQLSTATE[HY000] [1045] Access denied for user 'root'@'localhost' (using password: NO)
[17-Dec-2025 16:20:54 Europe/Moscow] Using file storage: SQLSTATE[HY000] [1045] Access denied for user 'root'@'localhost' (using password: NO)
[17-Dec-2025 16:20:54 Europe/Moscow] Telegram update received: {"update_id":300518990,
"message":{"message_id":121,"from":{"id":6897915758,"is_bot":false,"first_name":"Lauza","last_name":"Nezpph","language_code":"ru"},"chat":{"id":6897915758,"first_name":"Lauza",
[17-Dec-2025 16:20:54 Europe/Moscow] Using file storage: SQLSTATE[HY000] [1045] Access denied for user 'root'@'localhost' (using password: NO)
[17-Dec-2025 16:20:54 Europe/Moscow] Using file storage: SQLSTATE[HY000] [1045] Access denied for user 'root'@'localhost' (using password: NO)
[17-Dec-2025 16:20:54 Europe/Moscow] Using file storage: SQLSTATE[HY000] [1045] Access denied for user 'root'@'localhost' (using password: NO)
[17-Dec-2025 16:20:57 Europe/Moscow] Using file storage: SQLSTATE[HY000] [1045] Access denied for user 'root'@'localhost' (using password: NO)
[17-Dec-2025 16:20:57 Europe/Moscow] Using file storage: SQLSTATE[HY000] [1045] Access denied for user 'root'@'localhost' (using password: NO)
[17-Dec-2025 16:20:59 Europe/Moscow] Using file storage: SQLSTATE[HY000] [1045] Access denied for user 'root'@'localhost' (using password: NO)
[17-Dec-2025 16:20:59 Europe/Moscow] Using file storage: SQLSTATE[HY000] [1045] Access denied for user 'root'@'localhost' (using password: NO)
[17-Dec-2025 16:21:03 Europe/Moscow] Using file storage: SQLSTATE[HY000] [1045] Access denied for user 'root'@'localhost' (using password: NO)
[17-Dec-2025 16:21:03 Europe/Moscow] Using file storage: SQLSTATE[HY000] [1045] Access denied for user 'root'@'localhost' (using password: NO)
[17-Dec-2025 16:21:06 Europe/Moscow] Using file storage: SQLSTATE[HY000] [1045] Access denied for user 'root'@'localhost' (using password: NO)
[17-Dec-2025 16:21:06 Europe/Moscow] Using file storage: SQLSTATE[HY000] [1045] Access denied for user 'root'@'localhost' (using password: NO)
[17-Dec-2025 16:21:08 Europe/Moscow] Using file storage: SQLSTATE[HY000] [1045] Access denied for user 'root'@'localhost' (using password: NO)
[17-Dec-2025 16:21:08 Europe/Moscow] Using file storage: SQLSTATE[HY000] [1045] Access denied for user 'root'@'localhost' (using password: NO)
[17-Dec-2025 16:21:10 Europe/Moscow] Using file storage: SQLSTATE[HY000] [1045] Access denied for user 'root'@'localhost' (using password: NO)
[17-Dec-2025 16:21:10 Europe/Moscow] Using file storage: SQLSTATE[HY000] [1045] Access denied for user 'root'@'localhost' (using password: NO)
[17-Dec-2025 16:21:13 Europe/Moscow] Using file storage: SQLSTATE[HY000] [1045] Access denied for user 'root'@'localhost' (using password: NO)
[17-Dec-2025 16:21:13 Europe/Moscow] Using file storage: SQLSTATE[HY000] [1045] Access denied for user 'root'@'localhost' (using password: NO)
[17-Dec-2025 16:21:15 Europe/Moscow] Using file storage: SQLSTATE[HY000] [1045] Access denied for user 'root'@'localhost' (using password: NO)
[17-Dec-2025 16:21:15 Europe/Moscow] Using file storage: SQLSTATE[HY000] [1045] Access denied for user 'root'@'localhost' (using password: NO)
[17-Dec-2025 16:21:17 Europe/Moscow] Using file storage: SQLSTATE[HY000] [1045] Access denied for user 'root'@'localhost' (using password: NO)
[17-Dec-2025 16:21:17 Europe/Moscow] Using file storage: SQLSTATE[HY000] [1045] Access denied for user 'root'@'localhost' (using password: NO)
[17-Dec-2025 16:21:21 Europe/Moscow] Using file storage: SQLSTATE[HY000] [1045] Access denied for user 'root'@'localhost' (using password: NO)
[17-Dec-2025 16:21:21 Europe/Moscow] Using file storage: SQLSTATE[HY000] [1045] Access denied for user 'root'@'localhost' (using password: NO)
[17-Dec-2025 16:21:24 Europe/Moscow] Using file storage: SQLSTATE[HY000] [1045] Access denied for user 'root'@'localhost' (using password: NO)
[17-Dec-2025 16:21:24 Europe/Moscow] Using file storage: SQLSTATE[HY000] [1045] Access denied for user 'root'@'localhost' (using password: NO)
[17-Dec-2025 16:21:26 Europe/Moscow] Using file storage: SQLSTATE[HY000] [1045] Access denied for user 'root'@'localhost' (using password: NO)
[17-Dec-2025 16:21:26 Europe/Moscow] Using file storage: SQLSTATE[HY000] [1045] Access denied for user 'root'@'localhost' (using password: NO)
[17-Dec-2025 16:21:29 Europe/Moscow] Using file storage: SQLSTATE[HY000] [1045] Access denied for user 'root'@'localhost' (using password: NO)
[17-Dec-2025 16:21:29 Europe/Moscow] Using file storage: SQLSTATE[HY000] [1045] Access denied for user 'root'@'localhost' (using password: NO)
[17-Dec-2025 16:21:31 Europe/Moscow] Using file storage: SQLSTATE[HY000] [1045] Access denied for user 'root'@'localhost' (using password: NO)
[17-Dec-2025 16:21:31 Europe/Moscow] Using file storage: SQLSTATE[HY000] [1045] Access denied for user 'root'@'localhost' (using password: NO)
[17-Dec-2025 16:21:34 Europe/Moscow] Using file storage: SQLSTATE[HY000] [1045] Access denied for user 'root'@'localhost' (using password: NO)
[17-Dec-2025 16:21:34 Europe/Moscow] Using file storage: SQLSTATE[HY000] [1045] Access denied for user 'root'@'localhost' (using password: NO)
[17-Dec-2025 16:21:37 Europe/Moscow] Using file storage: SQLSTATE[HY000] [1045] Access denied for user 'root'@'localhost' (using password: NO)
[17-Dec-2025 16:21:37 Europe/Moscow] Using file storage: SQLSTATE[HY000] [1045] Access denied for user 'root'@'localhost' (using password: NO)
[17-Dec-2025 16:21:39 Europe/Moscow] Using file storage: SQLSTATE[HY000] [1045] Access denied for user 'root'@'localhost' (using password: NO)
[17-Dec-2025 16:21:39 Europe/Moscow] Using file storage: SQLSTATE[HY000] [1045] Access denied for user 'root'@'localhost' (using password: NO)
[17-Dec-2025 16:21:41 Europe/Moscow] Using file storage: SQLSTATE[HY000] [1045] Access denied for user 'root'@'localhost' (using password: NO)
[17-Dec-2025 16:21:41 Europe/Moscow] Using file storage: SQLSTATE[HY000] [1045] Access denied for user 'root'@'localhost' (using password: NO)
[17-Dec-2025 16:21:44 Europe/Moscow] Using file storage: SQLSTATE[HY000] [1045] Access denied for user 'root'@'localhost' (using password: NO)
[17-Dec-2025 16:21:44 Europe/Moscow] Using file storage: SQLSTATE[HY000] [1045] Access denied for user 'root'@'localhost' (using password: NO)
[17-Dec-2025 16:21:46 Europe/Moscow] Using file storage: SQLSTATE[HY000] [1045] Access denied for user 'root'@'localhost' (using password: NO)
[17-Dec-2025 16:21:46 Europe/Moscow] Using file storage: SQLSTATE[HY000] [1045] Access denied for user 'root'@'localhost' (using password: NO)
[17-Dec-2025 16:21:50 Europe/Moscow] Using file storage: SQLSTATE[HY000] [1045] Access denied for user 'root'@'localhost' (using password: NO)
[17-Dec-2025 16:21:50 Europe/Moscow] Using file storage: SQLSTATE[HY000] [1045] Access denied for user 'root'@'localhost' (using password: NO)
[17-Dec-2025 16:21:52 Europe/Moscow] Using file storage: SQLSTATE[HY000] [1045] Access denied for user 'root'@'localhost' (using password: NO)
[17-Dec-2025 16:21:52 Europe/Moscow] Telegram update received: {"update_id":300518991,
"message":{"message_id":123,"from":{"id":6897915758,"is_bot":false,"first_name":"Lauza","last_name":"Nezpph","language_code":"ru"},"chat":{"id":6897915758,"first_name":"Lauza",
[17-Dec-2025 16:21:52 Europe/Moscow] Using file storage: SQLSTATE[HY000] [1045] Access denied for user 'root'@'localhost' (using password: NO)
[17-Dec-2025 16:21:53 Europe/Moscow] Using file storage: SQLSTATE[HY000] [1045] Access denied for user 'root'@'localhost' (using password: NO)
[17-Dec-2025 16:21:53 Europe/Moscow] Using file storage: SQLSTATE[HY000] [1045] Access denied for user 'root'@'localhost' (using password: NO)
[17-Dec-2025 16:21:55 Europe/Moscow] Using file storage: SQLSTATE[HY000] [1045] Access denied for user 'root'@'localhost' (using password: NO)
[17-Dec-2025 16:21:55 Europe/Moscow] Using file storage: SQLSTATE[HY000] [1045] Access denied for user 'root'@'localhost' (using password: NO)
[17-Dec-2025 16:21:58 Europe/Moscow] Using file storage: SQLSTATE[HY000] [1045] Access denied for user 'root'@'localhost' (using password: NO)
[17-Dec-2025 16:21:58 Europe/Moscow] Using file storage: SQLSTATE[HY000] [1045] Access denied for user 'root'@'localhost' (using password: NO)
[17-Dec-2025 16:22:02 Europe/Moscow] Using file storage: SQLSTATE[HY000] [1045] Access denied for user 'root'@'localhost' (using password: NO)
[17-Dec-2025 16:22:02 Europe/Moscow] Using file storage: SQLSTATE[HY000] [1045] Access denied for user 'root'@'localhost' (using password: NO)
[17-Dec-2025 16:22:05 Europe/Moscow] Using file storage: SQLSTATE[HY000] [1045] Access denied for user 'root'@'localhost' (using password: NO)
[17-Dec-2025 16:22:05 Europe/Moscow] Using file storage: SQLSTATE[HY000] [1045] Access denied for user 'root'@'localhost' (using password: NO)
[17-Dec-2025 16:22:08 Europe/Moscow] Using file storage: SQLSTATE[HY000] [1045] Access denied for user 'root'@'localhost' (using password: NO)
[17-Dec-2025 16:22:08 Europe/Moscow] Using file storage: SQLSTATE[HY000] [1045] Access denied for user 'root'@'localhost' (using password: NO)
[17-Dec-2025 16:22:12 Europe/Moscow] Using file storage: SQLSTATE[HY000] [1045] Access denied for user 'root'@'localhost' (using password: NO)
[17-Dec-2025 16:22:12 Europe/Moscow] Using file storage: SQLSTATE[HY000] [1045] Access denied for user 'root'@'localhost' (using password: NO)
[17-Dec-2025 16:22:15 Europe/Moscow] Using file storage: SQLSTATE[HY000] [1045] Access denied for user 'root'@'localhost' (using password: NO)
[17-Dec-2025 16:22:15 Europe/Moscow] Using file storage: SQLSTATE[HY000] [1045] Access denied for user 'root'@'localhost' (using password: NO)
[17-Dec-2025 16:22:53 Europe/Moscow] Using file storage: SQLSTATE[HY000] [1045] Access denied for user 'root'@'localhost' (using password: NO)
[17-Dec-2025 16:22:53 Europe/Moscow] Telegram update received: {"update_id":300518992,
"message":{"message_id":125,"from":{"id":6897915758,"is_bot":false,"first_name":"Lauza","last_name":"Nezpph","language_code":"ru"},"chat":{"id":6897915758,"first_name":"Lauza",
[17-Dec-2025 16:22:53 Europe/Moscow] Using file storage: SQLSTATE[HY000] [1045] Access denied for user 'root'@'localhost' (using password: NO)
[17-Dec-2025 16:23:05 Europe/Moscow] Using file storage: SQLSTATE[HY000] [1045] Access denied for user 'root'@'localhost' (using password: NO)
[17-Dec-2025 16:23:05 Europe/Moscow] Using file storage: SQLSTATE[HY000] [1045] Access denied for user 'root'@'localhost' (using password: NO)
[17-Dec-2025 16:23:07 Europe/Moscow] Using file storage: SQLSTATE[HY000] [1045] Access denied for user 'root'@'localhost' (using password: NO)
[17-Dec-2025 16:23:07 Europe/Moscow] Telegram update received: {"update_id":300518993,
"message":{"message_id":128,"from":{"id":6897915758,"is_bot":false,"first_name":"Lauza","last_name":"Nezpph","language_code":"ru"},"chat":{"id":6897915758,"first_name":"Lauza",
[17-Dec-2025 16:23:07 Europe/Moscow] Using file storage: SQLSTATE[HY000] [1045] Access denied for user 'root'@'localhost' (using password: NO)
[17-Dec-2025 16:23:08 Europe/Moscow] Using file storage: SQLSTATE[HY000] [1045] Access denied for user 'root'@'localhost' (using password: NO)
[17-Dec-2025 16:23:08 Europe/Moscow] Using file storage: SQLSTATE[HY000] [1045] Access denied for user 'root'@'localhost' (using password: NO)
[17-Dec-2025 16:23:11 Europe/Moscow] Using file storage: SQLSTATE[HY000] [1045] Access denied for user 'root'@'localhost' (using password: NO)
[17-Dec-2025 16:23:11 Europe/Moscow] Using file storage: SQLSTATE[HY000] [1045] Access denied for user 'root'@'localhost' (using password: NO)
[17-Dec-2025 16:23:12 Europe/Moscow] Using file storage: SQLSTATE[HY000] [1045] Access denied for user 'root'@'localhost' (using password: NO)
[17-Dec-2025 16:23:12 Europe/Moscow] Telegram update received: {"update_id":300518994,
"message":{"message_id":130,"from":{"id":6897915758,"is_bot":false,"first_name":"Lauza","last_name":"Nezpph","language_code":"ru"},"chat":{"id":6897915758,"first_name":"Lauza",
[17-Dec-2025 16:23:12 Europe/Moscow] Using file storage: SQLSTATE[HY000] [1045] Access denied for user 'root'@'localhost' (using password: NO)
[17-Dec-2025 16:23:13 Europe/Moscow] Using file storage: SQLSTATE[HY000] [1045] Access denied for user 'root'@'localhost' (using password: NO)
[17-Dec-2025 16:23:13 Europe/Moscow] Using file storage: SQLSTATE[HY000] [1045] Access denied for user 'root'@'localhost' (using password: NO)
[17-Dec-2025 16:23:16 Europe/Moscow] Using file storage: SQLSTATE[HY000] [1045] Access denied for user 'root'@'localhost' (using password: NO)
[17-Dec-2025 16:23:16 Europe/Moscow] Using file storage: SQLSTATE[HY000] [1045] Access denied for user 'root'@'localhost' (using password: NO)
[17-Dec-2025 16:23:18 Europe/Moscow] Using file storage: SQLSTATE[HY000] [1045] Access denied for user 'root'@'localhost' (using password: NO)
[17-Dec-2025 16:23:18 Europe/Moscow] Using file storage: SQLSTATE[HY000] [1045] Access denied for user 'root'@'localhost' (using password: NO)
[17-Dec-2025 16:23:21 Europe/Moscow] Using file storage: SQLSTATE[HY000] [1045] Access denied for user 'root'@'localhost' (using password: NO)
[17-Dec-2025 16:23:21 Europe/Moscow] Using file storage: SQLSTATE[HY000] [1045] Access denied for user 'root'@'localhost' (using password: NO)
[17-Dec-2025 16:23:23 Europe/Moscow] Using file storage: SQLSTATE[HY000] [1045] Access denied for user 'root'@'localhost' (using password: NO)
[17-Dec-2025 16:23:23 Europe/Moscow] Telegram update received: {"update_id":300518995,
"message":{"message_id":132,"from":{"id":6897915758,"is_bot":false,"first_name":"Lauza","last_name":"Nezpph","language_code":"ru"},"chat":{"id":6897915758,"first_name":"Lauza",
[17-Dec-2025 16:23:23 Europe/Moscow] Using file storage: SQLSTATE[HY000] [1045] Access denied for user 'root'@'localhost' (using password: NO)
[17-Dec-2025 16:23:24 Europe/Moscow] Using file storage: SQLSTATE[HY000] [1045] Access denied for user 'root'@'localhost' (using password: NO)
[17-Dec-2025 16:23:24 Europe/Moscow] Using file storage: SQLSTATE[HY000] [1045] Access denied for user 'root'@'localhost' (using password: NO)
[17-Dec-2025 16:23:26 Europe/Moscow] Using file storage: SQLSTATE[HY000] [1045] Access denied for user 'root'@'localhost' (using password: NO)
[17-Dec-2025 16:23:26 Europe/Moscow] Using file storage: SQLSTATE[HY000] [1045] Access denied for user 'root'@'localhost' (using password: NO)
[17-Dec-2025 16:23:29 Europe/Moscow] Using file storage: SQLSTATE[HY000] [1045] Access denied for user 'root'@'localhost' (using password: NO)
[17-Dec-2025 16:23:29 Europe/Moscow] Using file storage: SQLSTATE[HY000] [1045] Access denied for user 'root'@'localhost' (using password: NO)
[17-Dec-2025 16:23:31 Europe/Moscow] Using file storage: SQLSTATE[HY000] [1045] Access denied for user 'root'@'localhost' (using password: NO)
[17-Dec-2025 16:23:31 Europe/Moscow] Telegram update received: {"update_id":300518996,
"message":{"message_id":134,"from":{"id":6897915758,"is_bot":false,"first_name":"Lauza","last_name":"Nezpph","language_code":"ru"},"chat":{"id":6897915758,"first_name":"Lauza",
[17-Dec-2025 16:23:31 Europe/Moscow] Using file storage: SQLSTATE[HY000] [1045] Access denied for user 'root'@'localhost' (using password: NO)
[17-Dec-2025 16:23:31 Europe/Moscow] Using file storage: SQLSTATE[HY000] [1045] Access denied for user 'root'@'localhost' (using password: NO)
[17-Dec-2025 16:23:31 Europe/Moscow] Using file storage: SQLSTATE[HY000] [1045] Access denied for user 'root'@'localhost' (using password: NO)
[17-Dec-2025 16:23:34 Europe/Moscow] Using file storage: SQLSTATE[HY000] [1045] Access denied for user 'root'@'localhost' (using password: NO)
[17-Dec-2025 16:23:34 Europe/Moscow] Using file storage: SQLSTATE[HY000] [1045] Access denied for user 'root'@'localhost' (using password: NO)
[17-Dec-2025 16:23:37 Europe/Moscow] Using file storage: SQLSTATE[HY000] [1045] Access denied for user 'root'@'localhost' (using password: NO)
[17-Dec-2025 16:23:37 Europe/Moscow] Using file storage: SQLSTATE[HY000] [1045] Access denied for user 'root'@'localhost' (using password: NO)
[17-Dec-2025 16:23:39 Europe/Moscow] Using file storage: SQLSTATE[HY000] [1045] Access denied for user 'root'@'localhost' (using password: NO)
[17-Dec-2025 16:23:39 Europe/Moscow] Using file storage: SQLSTATE[HY000] [1045] Access denied for user 'root'@'localhost' (using password: NO)
[17-Dec-2025 16:23:41 Europe/Moscow] Using file storage: SQLSTATE[HY000] [1045] Access denied for user 'root'@'localhost' (using password: NO)
[17-Dec-2025 16:23:41 Europe/Moscow] Using file storage: SQLSTATE[HY000] [1045] Access denied for user 'root'@'localhost' (using password: NO)
[17-Dec-2025 16:23:44 Europe/Moscow] Using file storage: SQLSTATE[HY000] [1045] Access denied for user 'root'@'localhost' (using password: NO)
[17-Dec-2025 16:23:44 Europe/Moscow] Using file storage: SQLSTATE[HY000] [1045] Access denied for user 'root'@'localhost' (using password: NO)
[17-Dec-2025 16:23:46 Europe/Moscow] Using file storage: SQLSTATE[HY000] [1045] Access denied for user 'root'@'localhost' (using password: NO)
[17-Dec-2025 16:23:46 Europe/Moscow] Using file storage: SQLSTATE[HY000] [1045] Access denied for user 'root'@'localhost' (using password: NO)
[17-Dec-2025 16:23:50 Europe/Moscow] Using file storage: SQLSTATE[HY000] [1045] Access denied for user 'root'@'localhost' (using password: NO)
[17-Dec-2025 16:23:50 Europe/Moscow] Using file storage: SQLSTATE[HY000] [1045] Access denied for user 'root'@'localhost' (using password: NO)
[17-Dec-2025 16:23:53 Europe/Moscow] Using file storage: SQLSTATE[HY000] [1045] Access denied for user 'root'@'localhost' (using password: NO)
[17-Dec-2025 16:23:53 Europe/Moscow] Using file storage: SQLSTATE[HY000] [1045] Access denied for user 'root'@'localhost' (using password: NO)
[17-Dec-2025 16:23:55 Europe/Moscow] Using file storage: SQLSTATE[HY000] [1045] Access denied for user 'root'@'localhost' (using password: NO)
[17-Dec-2025 16:23:55 Europe/Moscow] Using file storage: SQLSTATE[HY000] [1045] Access denied for user 'root'@'localhost' (using password: NO)
[17-Dec-2025 16:23:57 Europe/Moscow] Using file storage: SQLSTATE[HY000] [1045] Access denied for user 'root'@'localhost' (using password: NO)
[17-Dec-2025 16:23:57 Europe/Moscow] Using file storage: SQLSTATE[HY000] [1045] Access denied for user 'root'@'localhost' (using password: NO)
[17-Dec-2025 16:24:01 Europe/Moscow] Using file storage: SQLSTATE[HY000] [1045] Access denied for user 'root'@'localhost' (using password: NO)
[17-Dec-2025 16:24:01 Europe/Moscow] Using file storage: SQLSTATE[HY000] [1045] Access denied for user 'root'@'localhost' (using password: NO)
[17-Dec-2025 16:24:03 Europe/Moscow] Using file storage: SQLSTATE[HY000] [1045] Access denied for user 'root'@'localhost' (using password: NO)
[17-Dec-2025 16:24:03 Europe/Moscow] Using file storage: SQLSTATE[HY000] [1045] Access denied for user 'root'@'localhost' (using password: NO)
[17-Dec-2025 16:24:06 Europe/Moscow] Using file storage: SQLSTATE[HY000] [1045] Access denied for user 'root'@'localhost' (using password: NO)
[17-Dec-2025 16:24:06 Europe/Moscow] Using file storage: SQLSTATE[HY000] [1045] Access denied for user 'root'@'localhost' (using password: NO)
[17-Dec-2025 16:24:08 Europe/Moscow] Using file storage: SQLSTATE[HY000] [1045] Access denied for user 'root'@'localhost' (using password: NO)
[17-Dec-2025 16:24:08 Europe/Moscow] Using file storage: SQLSTATE[HY000] [1045] Access denied for user 'root'@'localhost' (using password: NO)
[17-Dec-2025 16:24:10 Europe/Moscow] Using file storage: SQLSTATE[HY000] [1045] Access denied for user 'root'@'localhost' (using password: NO)
[17-Dec-2025 16:24:10 Europe/Moscow] Using file storage: SQLSTATE[HY000] [1045] Access denied for user 'root'@'localhost' (using password: NO)
[17-Dec-2025 16:24:13 Europe/Moscow] Using file storage: SQLSTATE[HY000] [1045] Access denied for user 'root'@'localhost' (using password: NO)
[17-Dec-2025 16:24:13 Europe/Moscow] Using file storage: SQLSTATE[HY000] [1045] Access denied for user 'root'@'localhost' (using password: NO)
[17-Dec-2025 16:24:15 Europe/Moscow] Using file storage: SQLSTATE[HY000] [1045] Access denied for user 'root'@'localhost' (using password: NO)
[17-Dec-2025 16:24:15 Europe/Moscow] Using file storage: SQLSTATE[HY000] [1045] Access denied for user 'root'@'localhost' (using password: NO)
[17-Dec-2025 16:24:18 Europe/Moscow] Using file storage: SQLSTATE[HY000] [1045] Access denied for user 'root'@'localhost' (using password: NO)
[17-Dec-2025 16:24:18 Europe/Moscow] Using file storage: SQLSTATE[HY000] [1045] Access denied for user 'root'@'localhost' (using password: NO)
[17-Dec-2025 16:24:21 Europe/Moscow] Using file storage: SQLSTATE[HY000] [1045] Access denied for user 'root'@'localhost' (using password: NO)
[17-Dec-2025 16:24:21 Europe/Moscow] Using file storage: SQLSTATE[HY000] [1045] Access denied for user 'root'@'localhost' (using password: NO)
[17-Dec-2025 16:24:23 Europe/Moscow] Using file storage: SQLSTATE[HY000] [1045] Access denied for user 'root'@'localhost' (using password: NO)
[17-Dec-2025 16:24:23 Europe/Moscow] Using file storage: SQLSTATE[HY000] [1045] Access denied for user 'root'@'localhost' (using password: NO)
